ARM GAS  /var/folders/md/lgcc8l7571l9vt9sx0g0zflw0000gn/T//ccQAakMC.s 			page 1


   1              		.cpu cortex-m4
   2              		.eabi_attribute 27, 1
   3              		.eabi_attribute 28, 1
   4              		.eabi_attribute 20, 1
   5              		.eabi_attribute 21, 1
   6              		.eabi_attribute 23, 3
   7              		.eabi_attribute 24, 1
   8              		.eabi_attribute 25, 1
   9              		.eabi_attribute 26, 1
  10              		.eabi_attribute 30, 1
  11              		.eabi_attribute 34, 1
  12              		.eabi_attribute 18, 4
  13              		.file	"gpio.c"
  14              		.text
  15              	.Ltext0:
  16              		.cfi_sections	.debug_frame
  17              		.section	.text.MX_GPIO_Init,"ax",%progbits
  18              		.align	1
  19              		.global	MX_GPIO_Init
  20              		.arch armv7e-m
  21              		.syntax unified
  22              		.thumb
  23              		.thumb_func
  24              		.fpu fpv4-sp-d16
  26              	MX_GPIO_Init:
  27              	.LFB126:
  28              		.file 1 "Src/gpio.c"
   1:Src/gpio.c    **** /**
   2:Src/gpio.c    ****   ******************************************************************************
   3:Src/gpio.c    ****   * File Name          : gpio.c
   4:Src/gpio.c    ****   * Description        : This file provides code for the configuration
   5:Src/gpio.c    ****   *                      of all used GPIO pins.
   6:Src/gpio.c    ****   ******************************************************************************
   7:Src/gpio.c    ****   ** This notice applies to any and all portions of this file
   8:Src/gpio.c    ****   * that are not between comment pairs USER CODE BEGIN and
   9:Src/gpio.c    ****   * USER CODE END. Other portions of this file, whether 
  10:Src/gpio.c    ****   * inserted by the user or by software development tools
  11:Src/gpio.c    ****   * are owned by their respective copyright owners.
  12:Src/gpio.c    ****   *
  13:Src/gpio.c    ****   * COPYRIGHT(c) 2020 STMicroelectronics
  14:Src/gpio.c    ****   *
  15:Src/gpio.c    ****   * Redistribution and use in source and binary forms, with or without modification,
  16:Src/gpio.c    ****   * are permitted provided that the following conditions are met:
  17:Src/gpio.c    ****   *   1. Redistributions of source code must retain the above copyright notice,
  18:Src/gpio.c    ****   *      this list of conditions and the following disclaimer.
  19:Src/gpio.c    ****   *   2. Redistributions in binary form must reproduce the above copyright notice,
  20:Src/gpio.c    ****   *      this list of conditions and the following disclaimer in the documentation
  21:Src/gpio.c    ****   *      and/or other materials provided with the distribution.
  22:Src/gpio.c    ****   *   3. Neither the name of STMicroelectronics nor the names of its contributors
  23:Src/gpio.c    ****   *      may be used to endorse or promote products derived from this software
  24:Src/gpio.c    ****   *      without specific prior written permission.
  25:Src/gpio.c    ****   *
  26:Src/gpio.c    ****   * THIS SOFTWARE IS PROVIDED BY THE COPYRIGHT HOLDERS AND CONTRIBUTORS "AS IS"
  27:Src/gpio.c    ****   * AND ANY EXPRESS OR IMPLIED WARRANTIES, INCLUDING, BUT NOT LIMITED TO, THE
  28:Src/gpio.c    ****   * IMPLIED WARRANTIES OF MERCHANTABILITY AND FITNESS FOR A PARTICULAR PURPOSE ARE
  29:Src/gpio.c    ****   * DISCLAIMED. IN NO EVENT SHALL THE COPYRIGHT HOLDER OR CONTRIBUTORS BE LIABLE
  30:Src/gpio.c    ****   * FOR ANY DIRECT, INDIRECT, INCIDENTAL, SPECIAL, EXEMPLARY, OR CONSEQUENTIAL
ARM GAS  /var/folders/md/lgcc8l7571l9vt9sx0g0zflw0000gn/T//ccQAakMC.s 			page 2


  31:Src/gpio.c    ****   * DAMAGES (INCLUDING, BUT NOT LIMITED TO, PROCUREMENT OF SUBSTITUTE GOODS OR
  32:Src/gpio.c    ****   * SERVICES; LOSS OF USE, DATA, OR PROFITS; OR BUSINESS INTERRUPTION) HOWEVER
  33:Src/gpio.c    ****   * CAUSED AND ON ANY THEORY OF LIABILITY, WHETHER IN CONTRACT, STRICT LIABILITY,
  34:Src/gpio.c    ****   * OR TORT (INCLUDING NEGLIGENCE OR OTHERWISE) ARISING IN ANY WAY OUT OF THE USE
  35:Src/gpio.c    ****   * OF THIS SOFTWARE, EVEN IF ADVISED OF THE POSSIBILITY OF SUCH DAMAGE.
  36:Src/gpio.c    ****   *
  37:Src/gpio.c    ****   ******************************************************************************
  38:Src/gpio.c    ****   */
  39:Src/gpio.c    **** 
  40:Src/gpio.c    **** /* Includes ------------------------------------------------------------------*/
  41:Src/gpio.c    **** #include "gpio.h"
  42:Src/gpio.c    **** /* USER CODE BEGIN 0 */
  43:Src/gpio.c    **** 
  44:Src/gpio.c    **** /* USER CODE END 0 */
  45:Src/gpio.c    **** 
  46:Src/gpio.c    **** /*----------------------------------------------------------------------------*/
  47:Src/gpio.c    **** /* Configure GPIO                                                             */
  48:Src/gpio.c    **** /*----------------------------------------------------------------------------*/
  49:Src/gpio.c    **** /* USER CODE BEGIN 1 */
  50:Src/gpio.c    **** 
  51:Src/gpio.c    **** /* USER CODE END 1 */
  52:Src/gpio.c    **** 
  53:Src/gpio.c    **** /** Configure pins as 
  54:Src/gpio.c    ****         * Analog 
  55:Src/gpio.c    ****         * Input 
  56:Src/gpio.c    ****         * Output
  57:Src/gpio.c    ****         * EVENT_OUT
  58:Src/gpio.c    ****         * EXTI
  59:Src/gpio.c    ****         * Free pins are configured automatically as Analog (this feature is enabled through 
  60:Src/gpio.c    ****         * the Code Generation settings)
  61:Src/gpio.c    **** */
  62:Src/gpio.c    **** void MX_GPIO_Init(void)
  63:Src/gpio.c    **** {
  29              		.loc 1 63 1 view -0
  30              		.cfi_startproc
  31              		@ args = 0, pretend = 0, frame = 32
  32              		@ frame_needed = 0, uses_anonymous_args = 0
  33 0000 30B5     		push	{r4, r5, lr}
  34              	.LCFI0:
  35              		.cfi_def_cfa_offset 12
  36              		.cfi_offset 4, -12
  37              		.cfi_offset 5, -8
  38              		.cfi_offset 14, -4
  39 0002 89B0     		sub	sp, sp, #36
  40              	.LCFI1:
  41              		.cfi_def_cfa_offset 48
  64:Src/gpio.c    **** 
  65:Src/gpio.c    ****   GPIO_InitTypeDef GPIO_InitStruct;
  42              		.loc 1 65 3 view .LVU1
  66:Src/gpio.c    **** 
  67:Src/gpio.c    ****   /* GPIO Ports Clock Enable */
  68:Src/gpio.c    ****   __HAL_RCC_GPIOF_CLK_ENABLE();
  43              		.loc 1 68 3 view .LVU2
  44              	.LBB2:
  45              		.loc 1 68 3 view .LVU3
  46              		.loc 1 68 3 view .LVU4
  47 0004 1C4B     		ldr	r3, .L3
ARM GAS  /var/folders/md/lgcc8l7571l9vt9sx0g0zflw0000gn/T//ccQAakMC.s 			page 3


  48 0006 5A69     		ldr	r2, [r3, #20]
  49 0008 42F48002 		orr	r2, r2, #4194304
  50 000c 5A61     		str	r2, [r3, #20]
  51              		.loc 1 68 3 view .LVU5
  52 000e 5A69     		ldr	r2, [r3, #20]
  53 0010 02F48002 		and	r2, r2, #4194304
  54 0014 0092     		str	r2, [sp]
  55              		.loc 1 68 3 view .LVU6
  56 0016 009A     		ldr	r2, [sp]
  57              	.LBE2:
  58              		.loc 1 68 3 view .LVU7
  69:Src/gpio.c    ****   __HAL_RCC_GPIOA_CLK_ENABLE();
  59              		.loc 1 69 3 view .LVU8
  60              	.LBB3:
  61              		.loc 1 69 3 view .LVU9
  62              		.loc 1 69 3 view .LVU10
  63 0018 5A69     		ldr	r2, [r3, #20]
  64 001a 42F40032 		orr	r2, r2, #131072
  65 001e 5A61     		str	r2, [r3, #20]
  66              		.loc 1 69 3 view .LVU11
  67 0020 5A69     		ldr	r2, [r3, #20]
  68 0022 02F40032 		and	r2, r2, #131072
  69 0026 0192     		str	r2, [sp, #4]
  70              		.loc 1 69 3 view .LVU12
  71 0028 019A     		ldr	r2, [sp, #4]
  72              	.LBE3:
  73              		.loc 1 69 3 view .LVU13
  70:Src/gpio.c    ****   __HAL_RCC_GPIOB_CLK_ENABLE();
  74              		.loc 1 70 3 view .LVU14
  75              	.LBB4:
  76              		.loc 1 70 3 view .LVU15
  77              		.loc 1 70 3 view .LVU16
  78 002a 5A69     		ldr	r2, [r3, #20]
  79 002c 42F48022 		orr	r2, r2, #262144
  80 0030 5A61     		str	r2, [r3, #20]
  81              		.loc 1 70 3 view .LVU17
  82 0032 5B69     		ldr	r3, [r3, #20]
  83 0034 03F48023 		and	r3, r3, #262144
  84 0038 0293     		str	r3, [sp, #8]
  85              		.loc 1 70 3 view .LVU18
  86 003a 029B     		ldr	r3, [sp, #8]
  87              	.LBE4:
  88              		.loc 1 70 3 view .LVU19
  71:Src/gpio.c    **** 
  72:Src/gpio.c    ****   /*Configure GPIO pins : PF0 PF1 */
  73:Src/gpio.c    ****   GPIO_InitStruct.Pin = GPIO_PIN_0|GPIO_PIN_1;
  89              		.loc 1 73 3 view .LVU20
  90              		.loc 1 73 23 is_stmt 0 view .LVU21
  91 003c 0324     		movs	r4, #3
  92 003e 0394     		str	r4, [sp, #12]
  74:Src/gpio.c    ****   GPIO_InitStruct.Mode = GPIO_MODE_ANALOG;
  93              		.loc 1 74 3 is_stmt 1 view .LVU22
  94              		.loc 1 74 24 is_stmt 0 view .LVU23
  95 0040 0494     		str	r4, [sp, #16]
  75:Src/gpio.c    ****   GPIO_InitStruct.Pull = GPIO_NOPULL;
  96              		.loc 1 75 3 is_stmt 1 view .LVU24
  97              		.loc 1 75 24 is_stmt 0 view .LVU25
ARM GAS  /var/folders/md/lgcc8l7571l9vt9sx0g0zflw0000gn/T//ccQAakMC.s 			page 4


  98 0042 0025     		movs	r5, #0
  99 0044 0595     		str	r5, [sp, #20]
  76:Src/gpio.c    ****   HAL_GPIO_Init(GPIOF, &GPIO_InitStruct);
 100              		.loc 1 76 3 is_stmt 1 view .LVU26
 101 0046 03A9     		add	r1, sp, #12
 102 0048 0C48     		ldr	r0, .L3+4
 103 004a FFF7FEFF 		bl	HAL_GPIO_Init
 104              	.LVL0:
  77:Src/gpio.c    **** 
  78:Src/gpio.c    ****   /*Configure GPIO pins : PA1 PA4 PA5 PA6 
  79:Src/gpio.c    ****                            PA7 PA8 PA11 PA12 
  80:Src/gpio.c    ****                            PA13 PA14 PA15 */
  81:Src/gpio.c    ****   GPIO_InitStruct.Pin = GPIO_PIN_1|GPIO_PIN_4|GPIO_PIN_5|GPIO_PIN_6 
 105              		.loc 1 81 3 view .LVU27
 106              		.loc 1 81 23 is_stmt 0 view .LVU28
 107 004e 4FF6F213 		movw	r3, #63986
 108 0052 0393     		str	r3, [sp, #12]
  82:Src/gpio.c    ****                           |GPIO_PIN_7|GPIO_PIN_8|GPIO_PIN_11|GPIO_PIN_12 
  83:Src/gpio.c    ****                           |GPIO_PIN_13|GPIO_PIN_14|GPIO_PIN_15;
  84:Src/gpio.c    ****   GPIO_InitStruct.Mode = GPIO_MODE_ANALOG;
 109              		.loc 1 84 3 is_stmt 1 view .LVU29
 110              		.loc 1 84 24 is_stmt 0 view .LVU30
 111 0054 0494     		str	r4, [sp, #16]
  85:Src/gpio.c    ****   GPIO_InitStruct.Pull = GPIO_NOPULL;
 112              		.loc 1 85 3 is_stmt 1 view .LVU31
 113              		.loc 1 85 24 is_stmt 0 view .LVU32
 114 0056 0595     		str	r5, [sp, #20]
  86:Src/gpio.c    ****   HAL_GPIO_Init(GPIOA, &GPIO_InitStruct);
 115              		.loc 1 86 3 is_stmt 1 view .LVU33
 116 0058 03A9     		add	r1, sp, #12
 117 005a 4FF09040 		mov	r0, #1207959552
 118 005e FFF7FEFF 		bl	HAL_GPIO_Init
 119              	.LVL1:
  87:Src/gpio.c    **** 
  88:Src/gpio.c    ****   /*Configure GPIO pins : PB0 PB1 PB3 PB4 
  89:Src/gpio.c    ****                            PB5 PB6 PB7 */
  90:Src/gpio.c    ****   GPIO_InitStruct.Pin = GPIO_PIN_0|GPIO_PIN_1|GPIO_PIN_3|GPIO_PIN_4 
 120              		.loc 1 90 3 view .LVU34
 121              		.loc 1 90 23 is_stmt 0 view .LVU35
 122 0062 FB23     		movs	r3, #251
 123 0064 0393     		str	r3, [sp, #12]
  91:Src/gpio.c    ****                           |GPIO_PIN_5|GPIO_PIN_6|GPIO_PIN_7;
  92:Src/gpio.c    ****   GPIO_InitStruct.Mode = GPIO_MODE_ANALOG;
 124              		.loc 1 92 3 is_stmt 1 view .LVU36
 125              		.loc 1 92 24 is_stmt 0 view .LVU37
 126 0066 0494     		str	r4, [sp, #16]
  93:Src/gpio.c    ****   GPIO_InitStruct.Pull = GPIO_NOPULL;
 127              		.loc 1 93 3 is_stmt 1 view .LVU38
 128              		.loc 1 93 24 is_stmt 0 view .LVU39
 129 0068 0595     		str	r5, [sp, #20]
  94:Src/gpio.c    ****   HAL_GPIO_Init(GPIOB, &GPIO_InitStruct);
 130              		.loc 1 94 3 is_stmt 1 view .LVU40
 131 006a 03A9     		add	r1, sp, #12
 132 006c 0448     		ldr	r0, .L3+8
 133 006e FFF7FEFF 		bl	HAL_GPIO_Init
 134              	.LVL2:
  95:Src/gpio.c    **** 
ARM GAS  /var/folders/md/lgcc8l7571l9vt9sx0g0zflw0000gn/T//ccQAakMC.s 			page 5


  96:Src/gpio.c    **** }
 135              		.loc 1 96 1 is_stmt 0 view .LVU41
 136 0072 09B0     		add	sp, sp, #36
 137              	.LCFI2:
 138              		.cfi_def_cfa_offset 12
 139              		@ sp needed
 140 0074 30BD     		pop	{r4, r5, pc}
 141              	.L4:
 142 0076 00BF     		.align	2
 143              	.L3:
 144 0078 00100240 		.word	1073876992
 145 007c 00140048 		.word	1207964672
 146 0080 00040048 		.word	1207960576
 147              		.cfi_endproc
 148              	.LFE126:
 150              		.text
 151              	.Letext0:
 152              		.file 2 "/usr/local/gcc-arm-none-eabi-9-2020-q2-update/arm-none-eabi/include/machine/_default_type
 153              		.file 3 "/usr/local/gcc-arm-none-eabi-9-2020-q2-update/arm-none-eabi/include/sys/_stdint.h"
 154              		.file 4 "Drivers/CMSIS/Include/core_cm4.h"
 155              		.file 5 "Drivers/CMSIS/Device/ST/STM32F3xx/Include/system_stm32f3xx.h"
 156              		.file 6 "Drivers/CMSIS/Device/ST/STM32F3xx/Include/stm32f303x8.h"
 157              		.file 7 "/usr/local/gcc-arm-none-eabi-9-2020-q2-update/lib/gcc/arm-none-eabi/9.3.1/include/stddef.
 158              		.file 8 "/usr/local/gcc-arm-none-eabi-9-2020-q2-update/arm-none-eabi/include/sys/_types.h"
 159              		.file 9 "/usr/local/gcc-arm-none-eabi-9-2020-q2-update/arm-none-eabi/include/sys/reent.h"
 160              		.file 10 "/usr/local/gcc-arm-none-eabi-9-2020-q2-update/arm-none-eabi/include/sys/lock.h"
 161              		.file 11 "Drivers/STM32F3xx_HAL_Driver/Inc/stm32f3xx_hal_gpio.h"
 162              		.file 12 "Drivers/STM32F3xx_HAL_Driver/Inc/stm32f3xx_hal.h"
ARM GAS  /var/folders/md/lgcc8l7571l9vt9sx0g0zflw0000gn/T//ccQAakMC.s 			page 6


DEFINED SYMBOLS
                            *ABS*:0000000000000000 gpio.c
/var/folders/md/lgcc8l7571l9vt9sx0g0zflw0000gn/T//ccQAakMC.s:18     .text.MX_GPIO_Init:0000000000000000 $t
/var/folders/md/lgcc8l7571l9vt9sx0g0zflw0000gn/T//ccQAakMC.s:26     .text.MX_GPIO_Init:0000000000000000 MX_GPIO_Init
/var/folders/md/lgcc8l7571l9vt9sx0g0zflw0000gn/T//ccQAakMC.s:144    .text.MX_GPIO_Init:0000000000000078 $d

UNDEFINED SYMBOLS
HAL_GPIO_Init
